<?xml version="1.0" encoding="UTF-8"?>
<testng-results skipped="0" failed="0" ignored="0" total="1" passed="1">
  <reporter-output>
  </reporter-output>
  <suite name="Default suite" duration-ms="13444" started-at="2018-08-08T20:05:37Z" finished-at="2018-08-08T20:05:50Z">
    <groups>
    </groups>
    <test name="Default test" duration-ms="13444" started-at="2018-08-08T20:05:37Z" finished-at="2018-08-08T20:05:50Z">
      <class name="launchTest.LaunchApplication">
        <test-method status="PASS" signature="launchBrowser()[pri:0, instance:launchTest.LaunchApplication@475530b9]" name="launchBrowser" is-config="true" duration-ms="9108" started-at="2018-08-09T01:35:37Z" finished-at="2018-08-09T01:35:46Z">
          <reporter-output>
          </reporter-output>
        </test-method> <!-- launchBrowser -->
        <test-method status="PASS" signature="signUpTest()[pri:0, instance:launchTest.LaunchApplication@475530b9]" name="signUpTest" duration-ms="4307" started-at="2018-08-09T01:35:46Z" finished-at="2018-08-09T01:35:50Z">
          <reporter-output>
          </reporter-output>
        </test-method> <!-- signUpTest -->
      </class> <!-- launchTest.LaunchApplication -->
    </test> <!-- Default test -->
  </suite> <!-- Default suite -->
</testng-results>
